<?xml version="1.0" encoding="UTF-8"?>
<!-- Generated by org.testng.reporters.JUnitXMLReporter -->
<testsuite ignored="4" hostname="DESKTOP-896EQCN" failures="0" tests="4" name="Test" time="0.411" errors="0" timestamp="2022-05-09T15:28:45 IST">
  <testcase classname="com.Vtiger.repo.BaseClass" name="@BeforeClass launchBrowser" time="-1.652090325384E9">
    <failure type="org.testng.TestNGException" message="
Parameter &amp;apos;BROWSER&amp;apos; is required by BeforeClass on method launchBrowser but has not been marked @Optional or defined
in C:\Users\DELL\Desktop\testyantra\TYSS_Manu\testnggroup.xml">
      <![CDATA[org.testng.TestNGException: 
Parameter 'BROWSER' is required by BeforeClass on method launchBrowser but has not been marked @Optional or defined
in C:\Users\DELL\Desktop\testyantra\TYSS_Manu\testnggroup.xml
at java.base/java.util.ArrayList.forEach(ArrayList.java:1511)
... Removed 22 stack frames]]>
    </failure>
  </testcase> <!-- @BeforeClass launchBrowser -->
  <testcase classname="com.Vtiger.repo.BaseClass" name="@BeforeMethod login" time="-1.652090325476E9">
    <skipped/>
  </testcase> <!-- @BeforeMethod login -->
  <testcase classname="com.Vtiger.repo.BaseClass" name="@AfterMethod logout" time="-1.652090325508E9">
    <skipped/>
  </testcase> <!-- @AfterMethod logout -->
  <testcase classname="com.Vtiger.repo.BaseClass" name="@AfterClass closeBrowser" time="-1.652090325531E9">
    <skipped/>
  </testcase> <!-- @AfterClass closeBrowser -->
  <testcase classname="com.Vtiger.repo.TC03_CreateContact_org" name="createcontact_org" time="0.0">
    <skipped/>
  </testcase> <!-- createcontact_org -->
  <testcase classname="com.Testng.Test1" name="testAndroidapp" time="0.011"/>
  <testcase classname="com.Testng.Test1" name="testWebapp" time="0.009"/>
  <testcase classname="com.Testng.Test1" name="testWebapp1" time="0.009"/>
  <testcase classname="com.Testng.Annotations" name="@AfterTest at" time="0.0">
    <ignored/>
  </testcase> <!-- @AfterTest at -->
  <testcase classname="com.Testng.Annotations" name="@BeforeSuite bs" time="0.0">
    <ignored/>
  </testcase> <!-- @BeforeSuite bs -->
  <testcase classname="com.Testng.Annotations" name="@BeforeTest bt" time="0.0">
    <ignored/>
  </testcase> <!-- @BeforeTest bt -->
  <testcase classname="com.Testng.Annotations" name="@AfterSuite as" time="0.0">
    <ignored/>
  </testcase> <!-- @AfterSuite as -->
</testsuite> <!-- Test -->
