<?xml version="1.0" encoding="UTF-8"?>
<testng-results ignored="0" total="2" passed="2" failed="0" skipped="0">
  <reporter-output>
    <line>
      <![CDATA[ft1]]>
    </line>
    <line>
      <![CDATA[smoke1]]>
    </line>
  </reporter-output>
  <suite started-at="2022-05-08T18:42:32 IST" name="Default suite" finished-at="2022-05-08T18:42:32 IST" duration-ms="230">
    <groups>
      <group name="ftGrp">
        <method signature="Testcase2.ft1()[pri:0, instance:testngtest.Testcase2@6c130c45]" name="ft1" class="testngtest.Testcase2"/>
      </group> <!-- ftGrp -->
      <group name="smokeGrp">
        <method signature="Testcase2.smoke1()[pri:0, instance:testngtest.Testcase2@6c130c45]" name="smoke1" class="testngtest.Testcase2"/>
      </group> <!-- smokeGrp -->
    </groups>
    <test started-at="2022-05-08T18:42:32 IST" name="Default test" finished-at="2022-05-08T18:42:32 IST" duration-ms="230">
      <class name="testngtest.Testcase2">
        <test-method signature="ft1()[pri:0, instance:testngtest.Testcase2@6c130c45]" started-at="2022-05-08T18:42:32 IST" name="ft1" finished-at="2022-05-08T18:42:32 IST" duration-ms="34" status="PASS">
          <reporter-output>
            <line>
              <![CDATA[ft1]]>
            </line>
          </reporter-output>
        </test-method> <!-- ft1 -->
        <test-method signature="smoke1()[pri:0, instance:testngtest.Testcase2@6c130c45]" started-at="2022-05-08T18:42:32 IST" name="smoke1" finished-at="2022-05-08T18:42:32 IST" duration-ms="4" status="PASS">
          <reporter-output>
            <line>
              <![CDATA[smoke1]]>
            </line>
          </reporter-output>
        </test-method> <!-- smoke1 -->
      </class> <!-- testngtest.Testcase2 -->
    </test> <!-- Default test -->
  </suite> <!-- Default suite -->
</testng-results>
